<?xml version="1.0" encoding="UTF-8"?>
<testng-results skipped="0" failed="0" ignored="0" total="1" passed="1">
  <reporter-output>
  </reporter-output>
  <suite name="Suite" duration-ms="7929" started-at="2022-05-12T12:01:45 IST" finished-at="2022-05-12T12:01:53 IST">
    <groups>
    </groups>
    <test name="Test" duration-ms="7929" started-at="2022-05-12T12:01:45 IST" finished-at="2022-05-12T12:01:53 IST">
      <class name="Demo.Temp">
        <test-method status="PASS" signature="setup()[pri:0, instance:Demo.Temp@7ce6a65d]" name="setup" duration-ms="7858" started-at="2022-05-12T12:01:46 IST" finished-at="2022-05-12T12:01:53 IST">
          <reporter-output>
          </reporter-output>
        </test-method> <!-- setup -->
      </class> <!-- Demo.Temp -->
    </test> <!-- Test -->
  </suite> <!-- Suite -->
</testng-results>
