<?xml version="1.0" encoding="UTF-8"?>
<testng-results skipped="0" failed="0" ignored="0" total="1" passed="1">
  <reporter-output>
  </reporter-output>
  <suite name="Suite" duration-ms="43142" started-at="2022-05-15T12:28:29 IST" finished-at="2022-05-15T12:29:12 IST">
    <groups>
    </groups>
    <test name="Test" duration-ms="43142" started-at="2022-05-15T12:28:29 IST" finished-at="2022-05-15T12:29:12 IST">
      <class name="Demo.Temp">
        <test-method status="PASS" signature="setup()[pri:0, instance:Demo.Temp@2bbf4b8b]" name="setup" duration-ms="43084" started-at="2022-05-15T12:28:29 IST" finished-at="2022-05-15T12:29:12 IST">
          <reporter-output>
          </reporter-output>
        </test-method> <!-- setup -->
      </class> <!-- Demo.Temp -->
    </test> <!-- Test -->
  </suite> <!-- Suite -->
</testng-results>
