<?xml version="1.0" encoding="UTF-8"?>
<testng-results skipped="0" failed="0" ignored="0" total="1" passed="1">
  <reporter-output>
  </reporter-output>
  <suite name="Suite" duration-ms="36646" started-at="2022-05-13T11:47:45 IST" finished-at="2022-05-13T11:48:22 IST">
    <groups>
    </groups>
    <test name="Test" duration-ms="36646" started-at="2022-05-13T11:47:45 IST" finished-at="2022-05-13T11:48:22 IST">
      <class name="Demo.Maven">
        <test-method status="PASS" signature="setup()[pri:0, instance:Demo.Maven@2bbf4b8b]" name="setup" duration-ms="36583" started-at="2022-05-13T11:47:45 IST" finished-at="2022-05-13T11:48:22 IST">
          <reporter-output>
          </reporter-output>
        </test-method> <!-- setup -->
      </class> <!-- Demo.Maven -->
    </test> <!-- Test -->
  </suite> <!-- Suite -->
</testng-results>
